<?xml version="1.0" encoding="UTF-8"?>
<!-- Generated by org.testng.reporters.JUnitReportReporter -->
<testsuite hostname="DESKTOP-U9882TR" failures="0" tests="4" name="Tests.CookiesHandling" time="32.006" errors="0" timestamp="2024-06-27T20:18:20 EEST" skipped="0">
  <testcase classname="Tests.CookiesHandling" name="addCookie" time="7.685"/>
  <system-out/>
  <testcase classname="Tests.CookiesHandling" name="getCookieNamed" time="7.612"/>
  <system-out/>
  <testcase classname="Tests.CookiesHandling" name="getAllCookies" time="9.202"/>
  <system-out/>
  <testcase classname="Tests.CookiesHandling" name="deletecCookieNamed" time="7.507"/>
  <system-out/>
</testsuite> <!-- Tests.CookiesHandling -->
