<?xml version="1.0" encoding="UTF-8"?>
<!-- Generated by org.testng.reporters.JUnitReportReporter -->
<testsuite hostname="DESKTOP-U9882TR" failures="0" tests="1" name="Tests.IframeExample" time="2.916" errors="0" timestamp="2024-06-26T05:23:16 EEST" skipped="0">
  <testcase classname="Tests.IframeExample" name="iframeExampleTest" time="2.916"/>
  <system-out/>
</testsuite> <!-- Tests.IframeExample -->
