<?xml version="1.0" encoding="UTF-8"?>
<!-- Generated by org.testng.reporters.JUnitReportReporter -->
<testsuite hostname="DESKTOP-U9882TR" failures="0" tests="1" name="Tests.LoginTest" time="0.774" errors="0" timestamp="2024-05-27T21:31:38 EEST" skipped="0">
  <testcase classname="Tests.LoginTest" name="validLoginTest" time="0.774"/>
  <system-out/>
</testsuite> <!-- Tests.LoginTest -->
