<?xml version="1.0" encoding="UTF-8"?>
<!-- Generated by org.testng.reporters.JUnitReportReporter -->
<<<<<<< HEAD
<testsuite hostname="DESKTOP-U9882TR" failures="0" tests="3" name="Tests.DropDownExample" time="4.130" errors="0" timestamp="2024-06-08T09:01:15 EEST" skipped="0">
  <testcase classname="Tests.DropDownExample" name="selectByValueTest" time="1.524"/>
  <system-out/>
  <testcase classname="Tests.DropDownExample" name="selectByIndexTest" time="1.286"/>
  <system-out/>
  <testcase classname="Tests.DropDownExample" name="selectByVisibleTextTest" time="1.320"/>
=======
<testsuite hostname="DESKTOP-U9882TR" failures="0" tests="3" name="Tests.DropDownExample" time="5.291" errors="0" timestamp="2024-06-05T19:19:39 EEST" skipped="0">
  <testcase classname="Tests.DropDownExample" name="selectByValueTest" time="2.070"/>
  <system-out/>
  <testcase classname="Tests.DropDownExample" name="selectByIndexTest" time="1.590"/>
  <system-out/>
  <testcase classname="Tests.DropDownExample" name="selectByVisibleTextTest" time="1.631"/>
>>>>>>> cfa943b59f1d4329a1892e1ae1ab11dfed763258
  <system-out/>
</testsuite> <!-- Tests.DropDownExample -->
