<?xml version="1.0" encoding="UTF-8"?>
<!-- Generated by org.testng.reporters.JUnitReportReporter -->
<testsuite hostname="DESKTOP-U9882TR" failures="0" tests="1" name="Tests.Homework26" time="22.718" errors="0" timestamp="2024-06-26T10:07:33 EEST" skipped="0">
  <testcase classname="Tests.Homework26" name="categorieCarte" time="22.718"/>
  <system-out/>
</testsuite> <!-- Tests.Homework26 -->
