<?xml version="1.0" encoding="UTF-8"?>
<!-- Generated by org.testng.reporters.JUnitReportReporter -->
<testsuite hostname="DESKTOP-U9882TR" failures="0" tests="1" name="Tests.XpathExample2" time="3.587" errors="0" timestamp="2024-06-08T10:26:24 EEST" skipped="0">
  <testcase classname="Tests.XpathExample2" name="xpathExampleTest" time="3.587"/>
  <system-out/>
</testsuite> <!-- Tests.XpathExample2 -->
