<?xml version="1.0" encoding="UTF-8"?>
<!-- Generated by org.testng.reporters.JUnitReportReporter -->
<testsuite hostname="DESKTOP-U9882TR" failures="0" tests="1" name="Tests.JavascriptExecutorTest" time="0.098" errors="0" timestamp="2024-06-16T11:38:58 EEST" skipped="0">
  <testcase classname="Tests.JavascriptExecutorTest" name="example3" time="0.098"/>
  <system-out/>
</testsuite> <!-- Tests.JavascriptExecutorTest -->
