<?xml version="1.0" encoding="UTF-8"?>
<!-- Generated by org.testng.reporters.JUnitReportReporter -->
<testsuite hostname="DESKTOP-U9882TR" failures="0" tests="1" name="Tests.SingleAuthorTest" time="2.581" errors="0" timestamp="2024-06-01T11:24:35 EEST" skipped="0">
  <testcase classname="Tests.SingleAuthorTest" name="validTest" time="2.581"/>
  <system-out/>
</testsuite> <!-- Tests.SingleAuthorTest -->
