<?xml version="1.0" encoding="UTF-8"?>
<!-- Generated by org.testng.reporters.JUnitReportReporter -->
<testsuite hostname="DESKTOP-U9882TR" failures="0" tests="1" name="Tests.ScrollExample" time="12.089" errors="0" timestamp="2024-06-10T21:31:41 EEST" skipped="0">
  <testcase classname="Tests.ScrollExample" name="scrollDownAndTop" time="12.089"/>
  <system-out/>
</testsuite> <!-- Tests.ScrollExample -->
