<?xml version="1.0" encoding="UTF-8"?>
<!-- Generated by org.testng.reporters.JUnitReportReporter -->
<testsuite hostname="DESKTOP-U9882TR" failures="0" tests="1" name="Tests.SingleAuthorTest" time="4.815" errors="0" timestamp="2024-06-01T15:42:47 EEST" skipped="0">
  <testcase classname="Tests.SingleAuthorTest" name="validTest" time="4.815"/>
  <system-out/>
</testsuite> <!-- Tests.SingleAuthorTest -->
