<?xml version="1.0" encoding="UTF-8"?>
<!-- Generated by org.testng.reporters.JUnitReportReporter -->
<testsuite hostname="DESKTOP-U9882TR" failures="0" tests="1" name="Tests.SearchTest" time="2.314" errors="0" timestamp="2024-06-02T08:54:21 EEST" skipped="0">
  <testcase classname="Tests.SearchTest" name="searchItem" time="2.314"/>
  <system-out/>
</testsuite> <!-- Tests.SearchTest -->
