<?xml version="1.0" encoding="UTF-8"?>
<!-- Generated by org.testng.reporters.JUnitReportReporter -->
<testsuite hostname="DESKTOP-U9882TR" failures="0" tests="1" name="Tests.Homework27" time="20.149" errors="0" timestamp="2024-06-26T06:23:26 EEST" skipped="0">
  <testcase classname="Tests.Homework27" name="clickPeSocialMedia" time="20.149"/>
  <system-out/>
</testsuite> <!-- Tests.Homework27 -->
