<?xml version="1.0" encoding="UTF-8"?>
<!-- Generated by org.testng.reporters.JUnitReportReporter -->
<testsuite hostname="DESKTOP-U9882TR" failures="0" tests="1" name="Tests.SingleAuthorTest" time="3.829" errors="0" timestamp="2024-06-08T09:18:01 EEST" skipped="0">
  <testcase classname="Tests.SingleAuthorTest" name="validTest" time="3.829"/>
  <system-out/>
</testsuite> <!-- Tests.SingleAuthorTest -->
