<?xml version="1.0" encoding="UTF-8"?>
<!-- Generated by org.testng.reporters.JUnitReportReporter -->
<testsuite hostname="DESKTOP-U9882TR" failures="0" tests="2" name="Tests.ActionClassExample" time="5.158" errors="0" timestamp="2024-06-08T10:23:08 EEST" skipped="0">
  <testcase classname="Tests.ActionClassExample" name="hoverExample" time="3.370"/>
  <system-out/>
  <testcase classname="Tests.ActionClassExample" name="dragAndDropExample" time="1.788"/>
  <system-out/>
</testsuite> <!-- Tests.ActionClassExample -->
