<?xml version="1.0" encoding="UTF-8"?>
<!-- Generated by org.testng.reporters.JUnitReportReporter -->
<testsuite hostname="DESKTOP-U9882TR" failures="0" tests="1" name="Tests.JavaScriptExecutorTest" time="0.060" errors="0" timestamp="2024-06-12T21:21:56 EEST" skipped="0">
  <testcase classname="Tests.JavaScriptExecutorTest" name="example3" time="0.060"/>
  <system-out/>
</testsuite> <!-- Tests.JavaScriptExecutorTest -->
