<?xml version="1.0" encoding="UTF-8"?>
<!-- Generated by org.testng.reporters.JUnitReportReporter -->
<testsuite hostname="DESKTOP-U9882TR" failures="0" tests="1" name="Tests.ActionClassExample2" time="6.014" errors="0" timestamp="2024-06-10T20:30:08 EEST" skipped="0">
  <testcase classname="Tests.ActionClassExample2" name="sendKeysExample2" time="6.014"/>
  <system-out/>
</testsuite> <!-- Tests.ActionClassExample2 -->
