<?xml version="1.0" encoding="UTF-8"?>
<!-- Generated by org.testng.reporters.JUnitReportReporter -->
<testsuite hostname="DESKTOP-U9882TR" failures="0" tests="4" name="Tests.DataProviderExample" time="22.599" errors="0" timestamp="2024-06-19T17:29:07 EEST" skipped="0">
  <testcase classname="Tests.DataProviderExample" name="loginTest" time="7.190"/>
  <system-out/>
  <testcase classname="Tests.DataProviderExample" name="loginTest" time="3.990"/>
  <system-out/>
  <testcase classname="Tests.DataProviderExample" name="loginTest" time="4.020"/>
  <system-out/>
  <testcase classname="Tests.DataProviderExample" name="loginTest" time="7.399"/>
  <system-out/>
</testsuite> <!-- Tests.DataProviderExample -->
