<?xml version="1.0" encoding="UTF-8"?>
<!-- Generated by org.testng.reporters.JUnitReportReporter -->
<testsuite hostname="DESKTOP-U9882TR" failures="0" tests="2" name="Tests.XpathExample" time="12.479" errors="0" timestamp="2024-06-08T10:25:05 EEST" skipped="0">
  <testcase classname="Tests.XpathExample" name="xpathExample" time="4.406"/>
  <system-out/>
  <testcase classname="Tests.XpathExample" name="xpathExample2" time="8.073"/>
  <system-out/>
</testsuite> <!-- Tests.XpathExample -->
