<?xml version="1.0" encoding="UTF-8"?>
<!-- Generated by org.testng.reporters.JUnitReportReporter -->
<testsuite hostname="DESKTOP-U9882TR" failures="0" tests="2" name="Tests.XpathExample" time="6.274" errors="0" timestamp="2024-06-05T18:47:54 EEST" skipped="0">
  <testcase classname="Tests.XpathExample" name="xpathExample" time="4.409"/>
  <system-out/>
  <testcase classname="Tests.XpathExample" name="xpathExample2" time="1.865"/>
  <system-out/>
</testsuite> <!-- Tests.XpathExample -->
