<?xml version="1.0" encoding="UTF-8"?>
<!-- Generated by org.testng.reporters.JUnitReportReporter -->
<testsuite hostname="DESKTOP-U9882TR" failures="0" tests="1" name="Tests.ContactFormTest" time="3.455" errors="0" timestamp="2024-06-17T20:16:51 EEST" skipped="0">
  <testcase classname="Tests.ContactFormTest" name="sendMessageTest" time="3.455"/>
  <system-out/>
</testsuite> <!-- Tests.ContactFormTest -->
