<?xml version="1.0" encoding="UTF-8"?>
<!-- Generated by org.testng.reporters.JUnitReportReporter -->
<testsuite hostname="DESKTOP-U9882TR" failures="0" tests="1" name="Tests.HomeWorkCurs24" time="2.166" errors="0" timestamp="2024-06-16T10:45:12 EEST" skipped="0">
  <testcase classname="Tests.HomeWorkCurs24" name="sortarePriceToLow" time="2.166"/>
  <system-out/>
</testsuite> <!-- Tests.HomeWorkCurs24 -->
