<?xml version="1.0" encoding="UTF-8"?>
<!-- Generated by org.testng.reporters.JUnitReportReporter -->
<testsuite hostname="DESKTOP-U9882TR" failures="0" tests="1" name="Tests.JavaScriptExecutorTest" time="0.109" errors="0" timestamp="2024-06-12T20:36:20 EEST" skipped="0">
  <testcase classname="Tests.JavaScriptExecutorTest" name="example2" time="0.109"/>
  <system-out/>
</testsuite> <!-- Tests.JavaScriptExecutorTest -->
