<?xml version="1.0" encoding="UTF-8"?>
<!-- Generated by org.testng.reporters.JUnitReportReporter -->
<testsuite hostname="DESKTOP-U9882TR" failures="0" tests="5" name="Tests.DataProviderExample2" time="18.805" errors="0" timestamp="2024-06-19T19:46:29 EEST" skipped="0">
  <testcase classname="Tests.DataProviderExample2" name="searchAndAssertBookPicture" time="3.785"/>
  <system-out/>
  <testcase classname="Tests.DataProviderExample2" name="searchAndAssertBookPicture" time="3.667"/>
  <system-out/>
  <testcase classname="Tests.DataProviderExample2" name="searchAndAssertBookPicture" time="3.722"/>
  <system-out/>
  <testcase classname="Tests.DataProviderExample2" name="searchAndAssertBookPicture" time="3.910"/>
  <system-out/>
  <testcase classname="Tests.DataProviderExample2" name="searchAndAssertBookPicture" time="3.721"/>
  <system-out/>
</testsuite> <!-- Tests.DataProviderExample2 -->
